<?xml version="1.0" encoding="UTF-8"?>
<testsuite xmlns:xsi="http://www.w3.org/2001/XMLSchema-instance" xsi:noNamespaceSchemaLocation="https://maven.apache.org/surefire/maven-surefire-plugin/xsd/surefire-test-report.xsd" name="com.pal.AppTest" time="0.305" tests="83" errors="0" skipped="0" failures="0">
  <properties>
[...]
</properties>
  <testcase name="testNumIdenticalPairs{int[], int}[1]" classname="com.pal.AppTest" time="0.059"/>
  <testcase name="testNumIdenticalPairs{int[], int}[2]" classname="com.pal.AppTest" time="0.003"/>
  <testcase name="testNumIdenticalPairs{int[], int}[3]" classname="com.pal.AppTest" time="0.001"/>
  <testcase name="testFindNumbers{int[], int}[1]" classname="com.pal.AppTest" time="0.001"/>
  <testcase name="testFindNumbers{int[], int}[2]" classname="com.pal.AppTest" time="0.001"/>
  <testcase name="testIsPrefixOfWord{String, String, int}[1]" classname="com.pal.AppTest" time="0.002"/>
  <testcase name="testIsPrefixOfWord{String, String, int}[2]" classname="com.pal.AppTest" time="0"/>
  <testcase name="testIsPrefixOfWord{String, String, int}[3]" classname="com.pal.AppTest" time="0.001"/>
  <testcase name="testIsPrefixOfWord{String, String, int}[4]" classname="com.pal.AppTest" time="0"/>
  <testcase name="testIsPrefixOfWord{String, String, int}[5]" classname="com.pal.AppTest" time="0.001"/>
  <testcase name="testIsPrefixOfWord{String, String, int}[6]" classname="com.pal.AppTest" time="0"/>
  <testcase name="testCountConsistentStrings{String, String[], int}[1]" classname="com.pal.AppTest" time="0.001"/>
  <testcase name="testCountConsistentStrings{String, String[], int}[2]" classname="com.pal.AppTest" time="0.001"/>
  <testcase name="testCountConsistentStrings{String, String[], int}[3]" classname="com.pal.AppTest" time="0"/>
  <testcase name="testHammingDistance{int, int, int}[1]" classname="com.pal.AppTest" time="0.002"/>
  <testcase name="testHammingDistance{int, int, List}[1]" classname="com.pal.AppTest" time="0.001"/>
  <testcase name="testSortString{int[], int[]}[1]" classname="com.pal.AppTest" time="0.006"/>
  <testcase name="testSortString{int[], int[]}[2]" classname="com.pal.AppTest" time="0"/>
  <testcase name="testSortString{int[], int[]}[3]" classname="com.pal.AppTest" time="0"/>
  <testcase name="testSortString{String, String}[1]" classname="com.pal.AppTest" time="0.001"/>
  <testcase name="testSortString{String, String}[2]" classname="com.pal.AppTest" time="0"/>
  <testcase name="testSortString{String, String}[3]" classname="com.pal.AppTest" time="0"/>
  <testcase name="testSortString{String, String}[4]" classname="com.pal.AppTest" time="0.001"/>
  <testcase name="testSortString{String, String}[5]" classname="com.pal.AppTest" time="0.001"/>
  <testcase name="testDiStringMatch{String, int[]}[1]" classname="com.pal.AppTest" time="0"/>
  <testcase name="testDiStringMatch{String, int[]}[2]" classname="com.pal.AppTest" time="0.001"/>
  <testcase name="testDiStringMatch{String, int[]}[3]" classname="com.pal.AppTest" time="0.001"/>
  <testcase name="testDiStringMatch{String, String, String[]}[1]" classname="com.pal.AppTest" time="0.001"/>
  <testcase name="testDiStringMatch{String, String, String[]}[2]" classname="com.pal.AppTest" time="0"/>
  <testcase name="testSortedSquares{int[], int[]}[1]" classname="com.pal.AppTest" time="0.003"/>
  <testcase name="testSortedSquares{int[], int[]}[2]" classname="com.pal.AppTest" time="0"/>
  <testcase name="testnumberOfSteps{int, int}[1]" classname="com.pal.AppTest" time="0.001"/>
  <testcase name="testnumberOfSteps{int, int}[2]" classname="com.pal.AppTest" time="0.001"/>
  <testcase name="testnumberOfSteps{int, int}[3]" classname="com.pal.AppTest" time="0.001"/>
  <testcase name="testDecompressRLElist{int[], int[]}[1]" classname="com.pal.AppTest" time="0.002"/>
  <testcase name="testDecompressRLElist{int[], int[]}[2]" classname="com.pal.AppTest" time="0.001"/>
  <testcase name="testXorOperation{int, int, int}[1]" classname="com.pal.AppTest" time="0.001"/>
  <testcase name="testXorOperation{int, int, int}[2]" classname="com.pal.AppTest" time="0.001"/>
  <testcase name="testXorOperation{int, int, int}[3]" classname="com.pal.AppTest" time="0.001"/>
  <testcase name="testXorOperation{int, int, int}[4]" classname="com.pal.AppTest" time="0"/>
  <testcase name="testReplaceElements{int[], int[]}[1]" classname="com.pal.AppTest" time="0.001"/>
  <testcase name="testReplaceElements{int[], int[]}[2]" classname="com.pal.AppTest" time="0.001"/>
  <testcase name="testFizzBuzz{int, List}[1]" classname="com.pal.AppTest" time="0.001"/>
  <testcase name="testSubtractProductAndSum{int, int}[1]" classname="com.pal.AppTest" time="0.001"/>
  <testcase name="testSubtractProductAndSum{int, int}[2]" classname="com.pal.AppTest" time="0"/>
  <testcase name="testSubtractProductAndSum{int, int}[3]" classname="com.pal.AppTest" time="0"/>
  <testcase name="testCreateTargetArray{int[], int[], int[]}[1]" classname="com.pal.AppTest" time="0.001"/>
  <testcase name="testCreateTargetArray{int[], int[], int[]}[2]" classname="com.pal.AppTest" time="0"/>
  <testcase name="testCreateTargetArray{int[], int[], int[]}[3]" classname="com.pal.AppTest" time="0.001"/>
  <testcase name="testMaximum69Number{int, int}[1]" classname="com.pal.AppTest" time="0.001"/>
  <testcase name="testMaximum69Number{int, int}[2]" classname="com.pal.AppTest" time="0.001"/>
  <testcase name="testReverseWords{String, String}[1]" classname="com.pal.AppTest" time="0.001"/>
  <testcase name="testMaxDepth{String, int}[1]" classname="com.pal.AppTest" time="0.002"/>
  <testcase name="testMaxDepth{String, int}[2]" classname="com.pal.AppTest" time="0"/>
  <testcase name="testMaxDepth{String, int}[3]" classname="com.pal.AppTest" time="0"/>
  <testcase name="testMaxDepth{String, int}[4]" classname="com.pal.AppTest" time="0"/>
  <testcase name="testRestoreString{String, int[], String}[1]" classname="com.pal.AppTest" time="0.001"/>
  <testcase name="testRestoreString{String, int[], String}[2]" classname="com.pal.AppTest" time="0"/>
  <testcase name="testRestoreString{String, int[], String}[3]" classname="com.pal.AppTest" time="0.001"/>
  <testcase name="testRestoreString{String, int[], String}[4]" classname="com.pal.AppTest" time="0.001"/>
  <testcase name="testRestoreString{String, int[], String}[5]" classname="com.pal.AppTest" time="0"/>
  <testcase name="testUniqueMorseRepresentations{String[], int}[1]" classname="com.pal.AppTest" time="0.001"/>
  <testcase name="testAddCar{int, int, int, int[], boolean[]}[1]" classname="com.pal.AppTest" time="0.001"/>
  <testcase name="testHalvesAreAlike{String, boolean}[1]" classname="com.pal.AppTest" time="0.002"/>
  <testcase name="testHalvesAreAlike{String, boolean}[2]" classname="com.pal.AppTest" time="0.001"/>
  <testcase name="testHalvesAreAlike{String, boolean}[3]" classname="com.pal.AppTest" time="0"/>
  <testcase name="testHalvesAreAlike{String, boolean}[4]" classname="com.pal.AppTest" time="0.001"/>
  <testcase name="testChangeCase{String, String}[1]" classname="com.pal.AppTest" time="0.001"/>
  <testcase name="testChangeCase{String, String}[2]" classname="com.pal.AppTest" time="0"/>
  <testcase name="testChangeCase{String, String}[3]" classname="com.pal.AppTest" time="0"/>
  <testcase name="testGetDecimalValue{ListNode, int}[1]" classname="com.pal.AppTest" time="0"/>
  <testcase name="testGetDecimalValue{ListNode, int}[2]" classname="com.pal.AppTest" time="0"/>
  <testcase name="testGetDecimalValue{ListNode, int}[3]" classname="com.pal.AppTest" time="0.001"/>
  <testcase name="testGetDecimalValue{ListNode, int}[4]" classname="com.pal.AppTest" time="0.001"/>
  <testcase name="testGetDecimalValue{ListNode, int}[5]" classname="com.pal.AppTest" time="0"/>
  <testcase name="testBalancedStringSplit{String, int}[1]" classname="com.pal.AppTest" time="0.002"/>
  <testcase name="testBalancedStringSplit{String, int}[2]" classname="com.pal.AppTest" time="0.001"/>
  <testcase name="testBalancedStringSplit{String, int}[3]" classname="com.pal.AppTest" time="0"/>
  <testcase name="testBalancedStringSplit{String, int}[4]" classname="com.pal.AppTest" time="0"/>
  <testcase name="testKidsWithCandies{int[], int, List}[1]" classname="com.pal.AppTest" time="0.001"/>
  <testcase name="testKidsWithCandies{int[], int, List}[2]" classname="com.pal.AppTest" time="0.001"/>
  <testcase name="testKidsWithCandies{int[], int, List}[3]" classname="com.pal.AppTest" time="0.001"/>
  <testcase name="testKidsWithCandies{int[], int, List}[4]" classname="com.pal.AppTest" time="0.001"/>
</testsuite>